
.pio/build/uno/firmware.elf:     file format elf32-avr


Disassembly of section .text:

00000000 <__vectors>:
   0:	0c 94 34 00 	jmp	0x68	; 0x68 <__ctors_end>
   4:	0c 94 51 00 	jmp	0xa2	; 0xa2 <__bad_interrupt>
   8:	0c 94 51 00 	jmp	0xa2	; 0xa2 <__bad_interrupt>
   c:	0c 94 51 00 	jmp	0xa2	; 0xa2 <__bad_interrupt>
  10:	0c 94 51 00 	jmp	0xa2	; 0xa2 <__bad_interrupt>
  14:	0c 94 51 00 	jmp	0xa2	; 0xa2 <__bad_interrupt>
  18:	0c 94 51 00 	jmp	0xa2	; 0xa2 <__bad_interrupt>
  1c:	0c 94 51 00 	jmp	0xa2	; 0xa2 <__bad_interrupt>
  20:	0c 94 51 00 	jmp	0xa2	; 0xa2 <__bad_interrupt>
  24:	0c 94 51 00 	jmp	0xa2	; 0xa2 <__bad_interrupt>
  28:	0c 94 51 00 	jmp	0xa2	; 0xa2 <__bad_interrupt>
  2c:	0c 94 51 00 	jmp	0xa2	; 0xa2 <__bad_interrupt>
  30:	0c 94 51 00 	jmp	0xa2	; 0xa2 <__bad_interrupt>
  34:	0c 94 d8 00 	jmp	0x1b0	; 0x1b0 <__vector_13>
  38:	0c 94 51 00 	jmp	0xa2	; 0xa2 <__bad_interrupt>
  3c:	0c 94 51 00 	jmp	0xa2	; 0xa2 <__bad_interrupt>
  40:	0c 94 51 00 	jmp	0xa2	; 0xa2 <__bad_interrupt>
  44:	0c 94 51 00 	jmp	0xa2	; 0xa2 <__bad_interrupt>
  48:	0c 94 aa 00 	jmp	0x154	; 0x154 <__vector_18>
  4c:	0c 94 80 00 	jmp	0x100	; 0x100 <__vector_19>
  50:	0c 94 51 00 	jmp	0xa2	; 0xa2 <__bad_interrupt>
  54:	0c 94 51 00 	jmp	0xa2	; 0xa2 <__bad_interrupt>
  58:	0c 94 51 00 	jmp	0xa2	; 0xa2 <__bad_interrupt>
  5c:	0c 94 51 00 	jmp	0xa2	; 0xa2 <__bad_interrupt>
  60:	0c 94 51 00 	jmp	0xa2	; 0xa2 <__bad_interrupt>
  64:	0c 94 51 00 	jmp	0xa2	; 0xa2 <__bad_interrupt>

00000068 <__ctors_end>:
  68:	11 24       	eor	r1, r1
  6a:	1f be       	out	0x3f, r1	; 63
  6c:	cf ef       	ldi	r28, 0xFF	; 255
  6e:	d8 e0       	ldi	r29, 0x08	; 8
  70:	de bf       	out	0x3e, r29	; 62
  72:	cd bf       	out	0x3d, r28	; 61

00000074 <__do_copy_data>:
  74:	11 e0       	ldi	r17, 0x01	; 1
  76:	a0 e0       	ldi	r26, 0x00	; 0
  78:	b1 e0       	ldi	r27, 0x01	; 1
  7a:	e6 e5       	ldi	r30, 0x56	; 86
  7c:	f3 e0       	ldi	r31, 0x03	; 3
  7e:	02 c0       	rjmp	.+4      	; 0x84 <__do_copy_data+0x10>
  80:	05 90       	lpm	r0, Z+
  82:	0d 92       	st	X+, r0
  84:	a0 33       	cpi	r26, 0x30	; 48
  86:	b1 07       	cpc	r27, r17
  88:	d9 f7       	brne	.-10     	; 0x80 <__do_copy_data+0xc>

0000008a <__do_clear_bss>:
  8a:	21 e0       	ldi	r18, 0x01	; 1
  8c:	a0 e3       	ldi	r26, 0x30	; 48
  8e:	b1 e0       	ldi	r27, 0x01	; 1
  90:	01 c0       	rjmp	.+2      	; 0x94 <.do_clear_bss_start>

00000092 <.do_clear_bss_loop>:
  92:	1d 92       	st	X+, r1

00000094 <.do_clear_bss_start>:
  94:	a7 3f       	cpi	r26, 0xF7	; 247
  96:	b2 07       	cpc	r27, r18
  98:	e1 f7       	brne	.-8      	; 0x92 <.do_clear_bss_loop>
  9a:	0e 94 4c 01 	call	0x298	; 0x298 <main>
  9e:	0c 94 a9 01 	jmp	0x352	; 0x352 <_exit>

000000a2 <__bad_interrupt>:
  a2:	0c 94 00 00 	jmp	0	; 0x0 <__vectors>

000000a6 <lfsr4_fibonacci_asm>:
  a6:	af 93       	push	r26
  a8:	bf 93       	push	r27
  aa:	84 fb       	bst	r24, 4
  ac:	a0 f9       	bld	r26, 0
  ae:	82 fb       	bst	r24, 2
  b0:	b0 f9       	bld	r27, 0
  b2:	ab 27       	eor	r26, r27
  b4:	a0 95       	com	r26
  b6:	a7 95       	ror	r26
  b8:	88 1f       	adc	r24, r24
  ba:	8f 71       	andi	r24, 0x1F	; 31
  bc:	bf 91       	pop	r27
  be:	af 91       	pop	r26
  c0:	08 95       	ret

000000c2 <multiply_accumulate_asm>:
  c2:	80 0d       	add	r24, r0
  c4:	a0 95       	com	r26
  c6:	ab 27       	eor	r26, r27
  c8:	64 9f       	mul	r22, r20
  ca:	08 95       	ret

000000cc <uart_puts>:
  cc:	dc 01       	movw	r26, r24
  ce:	2d 91       	ld	r18, X+
  d0:	21 11       	cpse	r18, r1
  d2:	01 c0       	rjmp	.+2      	; 0xd6 <uart_puts+0xa>
  d4:	08 95       	ret
  d6:	90 91 f6 01 	lds	r25, 0x01F6	; 0x8001f6 <UART_TxHead>
  da:	9f 5f       	subi	r25, 0xFF	; 255
  dc:	9f 77       	andi	r25, 0x7F	; 127
  de:	80 91 f5 01 	lds	r24, 0x01F5	; 0x8001f5 <UART_TxTail>
  e2:	98 17       	cp	r25, r24
  e4:	e1 f3       	breq	.-8      	; 0xde <uart_puts+0x12>
  e6:	e9 2f       	mov	r30, r25
  e8:	f0 e0       	ldi	r31, 0x00	; 0
  ea:	eb 58       	subi	r30, 0x8B	; 139
  ec:	fe 4f       	sbci	r31, 0xFE	; 254
  ee:	20 83       	st	Z, r18
  f0:	90 93 f6 01 	sts	0x01F6, r25	; 0x8001f6 <UART_TxHead>
  f4:	90 91 c1 00 	lds	r25, 0x00C1	; 0x8000c1 <__TEXT_REGION_LENGTH__+0x7e00c1>
  f8:	90 62       	ori	r25, 0x20	; 32
  fa:	90 93 c1 00 	sts	0x00C1, r25	; 0x8000c1 <__TEXT_REGION_LENGTH__+0x7e00c1>
  fe:	e7 cf       	rjmp	.-50     	; 0xce <uart_puts+0x2>

00000100 <__vector_19>:
 100:	1f 92       	push	r1
 102:	0f 92       	push	r0
 104:	0f b6       	in	r0, 0x3f	; 63
 106:	0f 92       	push	r0
 108:	11 24       	eor	r1, r1
 10a:	8f 93       	push	r24
 10c:	9f 93       	push	r25
 10e:	ef 93       	push	r30
 110:	ff 93       	push	r31
 112:	90 91 f6 01 	lds	r25, 0x01F6	; 0x8001f6 <UART_TxHead>
 116:	80 91 f5 01 	lds	r24, 0x01F5	; 0x8001f5 <UART_TxTail>
 11a:	98 17       	cp	r25, r24
 11c:	a9 f0       	breq	.+42     	; 0x148 <__vector_19+0x48>
 11e:	e0 91 f5 01 	lds	r30, 0x01F5	; 0x8001f5 <UART_TxTail>
 122:	ef 5f       	subi	r30, 0xFF	; 255
 124:	ef 77       	andi	r30, 0x7F	; 127
 126:	e0 93 f5 01 	sts	0x01F5, r30	; 0x8001f5 <UART_TxTail>
 12a:	f0 e0       	ldi	r31, 0x00	; 0
 12c:	eb 58       	subi	r30, 0x8B	; 139
 12e:	fe 4f       	sbci	r31, 0xFE	; 254
 130:	80 81       	ld	r24, Z
 132:	80 93 c6 00 	sts	0x00C6, r24	; 0x8000c6 <__TEXT_REGION_LENGTH__+0x7e00c6>
 136:	ff 91       	pop	r31
 138:	ef 91       	pop	r30
 13a:	9f 91       	pop	r25
 13c:	8f 91       	pop	r24
 13e:	0f 90       	pop	r0
 140:	0f be       	out	0x3f, r0	; 63
 142:	0f 90       	pop	r0
 144:	1f 90       	pop	r1
 146:	18 95       	reti
 148:	80 91 c1 00 	lds	r24, 0x00C1	; 0x8000c1 <__TEXT_REGION_LENGTH__+0x7e00c1>
 14c:	8f 7d       	andi	r24, 0xDF	; 223
 14e:	80 93 c1 00 	sts	0x00C1, r24	; 0x8000c1 <__TEXT_REGION_LENGTH__+0x7e00c1>
 152:	f1 cf       	rjmp	.-30     	; 0x136 <__vector_19+0x36>

00000154 <__vector_18>:
 154:	1f 92       	push	r1
 156:	0f 92       	push	r0
 158:	0f b6       	in	r0, 0x3f	; 63
 15a:	0f 92       	push	r0
 15c:	11 24       	eor	r1, r1
 15e:	2f 93       	push	r18
 160:	8f 93       	push	r24
 162:	9f 93       	push	r25
 164:	ef 93       	push	r30
 166:	ff 93       	push	r31
 168:	80 91 c0 00 	lds	r24, 0x00C0	; 0x8000c0 <__TEXT_REGION_LENGTH__+0x7e00c0>
 16c:	90 91 c6 00 	lds	r25, 0x00C6	; 0x8000c6 <__TEXT_REGION_LENGTH__+0x7e00c6>
 170:	e0 91 74 01 	lds	r30, 0x0174	; 0x800174 <UART_RxHead>
 174:	ef 5f       	subi	r30, 0xFF	; 255
 176:	ef 73       	andi	r30, 0x3F	; 63
 178:	20 91 73 01 	lds	r18, 0x0173	; 0x800173 <UART_RxTail>
 17c:	2e 17       	cp	r18, r30
 17e:	b1 f0       	breq	.+44     	; 0x1ac <__vector_18+0x58>
 180:	8c 71       	andi	r24, 0x1C	; 28
 182:	e0 93 74 01 	sts	0x0174, r30	; 0x800174 <UART_RxHead>
 186:	f0 e0       	ldi	r31, 0x00	; 0
 188:	ed 5c       	subi	r30, 0xCD	; 205
 18a:	fe 4f       	sbci	r31, 0xFE	; 254
 18c:	90 83       	st	Z, r25
 18e:	90 91 32 01 	lds	r25, 0x0132	; 0x800132 <UART_LastRxError>
 192:	89 2b       	or	r24, r25
 194:	80 93 32 01 	sts	0x0132, r24	; 0x800132 <UART_LastRxError>
 198:	ff 91       	pop	r31
 19a:	ef 91       	pop	r30
 19c:	9f 91       	pop	r25
 19e:	8f 91       	pop	r24
 1a0:	2f 91       	pop	r18
 1a2:	0f 90       	pop	r0
 1a4:	0f be       	out	0x3f, r0	; 63
 1a6:	0f 90       	pop	r0
 1a8:	1f 90       	pop	r1
 1aa:	18 95       	reti
 1ac:	82 e0       	ldi	r24, 0x02	; 2
 1ae:	ef cf       	rjmp	.-34     	; 0x18e <__vector_18+0x3a>

000001b0 <__vector_13>:
 1b0:	1f 92       	push	r1
 1b2:	0f 92       	push	r0
 1b4:	0f b6       	in	r0, 0x3f	; 63
 1b6:	0f 92       	push	r0
 1b8:	11 24       	eor	r1, r1
 1ba:	2f 93       	push	r18
 1bc:	3f 93       	push	r19
 1be:	4f 93       	push	r20
 1c0:	5f 93       	push	r21
 1c2:	6f 93       	push	r22
 1c4:	7f 93       	push	r23
 1c6:	8f 93       	push	r24
 1c8:	9f 93       	push	r25
 1ca:	af 93       	push	r26
 1cc:	bf 93       	push	r27
 1ce:	ef 93       	push	r30
 1d0:	ff 93       	push	r31
 1d2:	cf 93       	push	r28
 1d4:	df 93       	push	r29
 1d6:	cd b7       	in	r28, 0x3d	; 61
 1d8:	de b7       	in	r29, 0x3e	; 62
 1da:	28 97       	sbiw	r28, 0x08	; 8
 1dc:	de bf       	out	0x3e, r29	; 62
 1de:	cd bf       	out	0x3d, r28	; 61
 1e0:	43 e0       	ldi	r20, 0x03	; 3
 1e2:	62 e0       	ldi	r22, 0x02	; 2
 1e4:	80 91 31 01 	lds	r24, 0x0131	; 0x800131 <value.1849>
 1e8:	0e 94 61 00 	call	0xc2	; 0xc2 <multiply_accumulate_asm>
 1ec:	80 93 31 01 	sts	0x0131, r24	; 0x800131 <value.1849>
 1f0:	4a e0       	ldi	r20, 0x0A	; 10
 1f2:	be 01       	movw	r22, r28
 1f4:	6f 5f       	subi	r22, 0xFF	; 255
 1f6:	7f 4f       	sbci	r23, 0xFF	; 255
 1f8:	90 e0       	ldi	r25, 0x00	; 0
 1fa:	0e 94 74 01 	call	0x2e8	; 0x2e8 <__itoa_ncheck>
 1fe:	ce 01       	movw	r24, r28
 200:	01 96       	adiw	r24, 0x01	; 1
 202:	0e 94 66 00 	call	0xcc	; 0xcc <uart_puts>
 206:	87 e0       	ldi	r24, 0x07	; 7
 208:	91 e0       	ldi	r25, 0x01	; 1
 20a:	0e 94 66 00 	call	0xcc	; 0xcc <uart_puts>
 20e:	80 91 31 01 	lds	r24, 0x0131	; 0x800131 <value.1849>
 212:	0e 94 53 00 	call	0xa6	; 0xa6 <lfsr4_fibonacci_asm>
 216:	80 93 31 01 	sts	0x0131, r24	; 0x800131 <value.1849>
 21a:	90 91 30 01 	lds	r25, 0x0130	; 0x800130 <__data_end>
 21e:	9f 5f       	subi	r25, 0xFF	; 255
 220:	90 93 30 01 	sts	0x0130, r25	; 0x800130 <__data_end>
 224:	81 11       	cpse	r24, r1
 226:	1f c0       	rjmp	.+62     	; 0x266 <__vector_13+0xb6>
 228:	4a e0       	ldi	r20, 0x0A	; 10
 22a:	be 01       	movw	r22, r28
 22c:	6f 5f       	subi	r22, 0xFF	; 255
 22e:	7f 4f       	sbci	r23, 0xFF	; 255
 230:	90 e0       	ldi	r25, 0x00	; 0
 232:	80 e0       	ldi	r24, 0x00	; 0
 234:	0e 94 74 01 	call	0x2e8	; 0x2e8 <__itoa_ncheck>
 238:	80 e0       	ldi	r24, 0x00	; 0
 23a:	91 e0       	ldi	r25, 0x01	; 1
 23c:	0e 94 66 00 	call	0xcc	; 0xcc <uart_puts>
 240:	80 91 30 01 	lds	r24, 0x0130	; 0x800130 <__data_end>
 244:	4a e0       	ldi	r20, 0x0A	; 10
 246:	be 01       	movw	r22, r28
 248:	6f 5f       	subi	r22, 0xFF	; 255
 24a:	7f 4f       	sbci	r23, 0xFF	; 255
 24c:	90 e0       	ldi	r25, 0x00	; 0
 24e:	0e 94 74 01 	call	0x2e8	; 0x2e8 <__itoa_ncheck>
 252:	ce 01       	movw	r24, r28
 254:	01 96       	adiw	r24, 0x01	; 1
 256:	0e 94 66 00 	call	0xcc	; 0xcc <uart_puts>
 25a:	8c e2       	ldi	r24, 0x2C	; 44
 25c:	91 e0       	ldi	r25, 0x01	; 1
 25e:	0e 94 66 00 	call	0xcc	; 0xcc <uart_puts>
 262:	10 92 30 01 	sts	0x0130, r1	; 0x800130 <__data_end>
 266:	28 96       	adiw	r28, 0x08	; 8
 268:	0f b6       	in	r0, 0x3f	; 63
 26a:	f8 94       	cli
 26c:	de bf       	out	0x3e, r29	; 62
 26e:	0f be       	out	0x3f, r0	; 63
 270:	cd bf       	out	0x3d, r28	; 61
 272:	df 91       	pop	r29
 274:	cf 91       	pop	r28
 276:	ff 91       	pop	r31
 278:	ef 91       	pop	r30
 27a:	bf 91       	pop	r27
 27c:	af 91       	pop	r26
 27e:	9f 91       	pop	r25
 280:	8f 91       	pop	r24
 282:	7f 91       	pop	r23
 284:	6f 91       	pop	r22
 286:	5f 91       	pop	r21
 288:	4f 91       	pop	r20
 28a:	3f 91       	pop	r19
 28c:	2f 91       	pop	r18
 28e:	0f 90       	pop	r0
 290:	0f be       	out	0x3f, r0	; 63
 292:	0f 90       	pop	r0
 294:	1f 90       	pop	r1
 296:	18 95       	reti

00000298 <main>:
 298:	10 92 f6 01 	sts	0x01F6, r1	; 0x8001f6 <UART_TxHead>
 29c:	10 92 f5 01 	sts	0x01F5, r1	; 0x8001f5 <UART_TxTail>
 2a0:	10 92 74 01 	sts	0x0174, r1	; 0x800174 <UART_RxHead>
 2a4:	10 92 73 01 	sts	0x0173, r1	; 0x800173 <UART_RxTail>
 2a8:	10 92 c5 00 	sts	0x00C5, r1	; 0x8000c5 <__TEXT_REGION_LENGTH__+0x7e00c5>
 2ac:	87 e6       	ldi	r24, 0x67	; 103
 2ae:	80 93 c4 00 	sts	0x00C4, r24	; 0x8000c4 <__TEXT_REGION_LENGTH__+0x7e00c4>
 2b2:	88 e9       	ldi	r24, 0x98	; 152
 2b4:	80 93 c1 00 	sts	0x00C1, r24	; 0x8000c1 <__TEXT_REGION_LENGTH__+0x7e00c1>
 2b8:	86 e0       	ldi	r24, 0x06	; 6
 2ba:	80 93 c2 00 	sts	0x00C2, r24	; 0x8000c2 <__TEXT_REGION_LENGTH__+0x7e00c2>
 2be:	80 91 81 00 	lds	r24, 0x0081	; 0x800081 <__TEXT_REGION_LENGTH__+0x7e0081>
 2c2:	8b 7f       	andi	r24, 0xFB	; 251
 2c4:	80 93 81 00 	sts	0x0081, r24	; 0x800081 <__TEXT_REGION_LENGTH__+0x7e0081>
 2c8:	80 91 81 00 	lds	r24, 0x0081	; 0x800081 <__TEXT_REGION_LENGTH__+0x7e0081>
 2cc:	83 60       	ori	r24, 0x03	; 3
 2ce:	80 93 81 00 	sts	0x0081, r24	; 0x800081 <__TEXT_REGION_LENGTH__+0x7e0081>
 2d2:	80 91 6f 00 	lds	r24, 0x006F	; 0x80006f <__TEXT_REGION_LENGTH__+0x7e006f>
 2d6:	81 60       	ori	r24, 0x01	; 1
 2d8:	80 93 6f 00 	sts	0x006F, r24	; 0x80006f <__TEXT_REGION_LENGTH__+0x7e006f>
 2dc:	78 94       	sei
 2de:	89 e0       	ldi	r24, 0x09	; 9
 2e0:	91 e0       	ldi	r25, 0x01	; 1
 2e2:	0e 94 66 00 	call	0xcc	; 0xcc <uart_puts>
 2e6:	ff cf       	rjmp	.-2      	; 0x2e6 <main+0x4e>

000002e8 <__itoa_ncheck>:
 2e8:	bb 27       	eor	r27, r27
 2ea:	4a 30       	cpi	r20, 0x0A	; 10
 2ec:	31 f4       	brne	.+12     	; 0x2fa <__itoa_ncheck+0x12>
 2ee:	99 23       	and	r25, r25
 2f0:	22 f4       	brpl	.+8      	; 0x2fa <__itoa_ncheck+0x12>
 2f2:	bd e2       	ldi	r27, 0x2D	; 45
 2f4:	90 95       	com	r25
 2f6:	81 95       	neg	r24
 2f8:	9f 4f       	sbci	r25, 0xFF	; 255
 2fa:	0c 94 80 01 	jmp	0x300	; 0x300 <__utoa_common>

000002fe <__utoa_ncheck>:
 2fe:	bb 27       	eor	r27, r27

00000300 <__utoa_common>:
 300:	fb 01       	movw	r30, r22
 302:	55 27       	eor	r21, r21
 304:	aa 27       	eor	r26, r26
 306:	88 0f       	add	r24, r24
 308:	99 1f       	adc	r25, r25
 30a:	aa 1f       	adc	r26, r26
 30c:	a4 17       	cp	r26, r20
 30e:	10 f0       	brcs	.+4      	; 0x314 <__utoa_common+0x14>
 310:	a4 1b       	sub	r26, r20
 312:	83 95       	inc	r24
 314:	50 51       	subi	r21, 0x10	; 16
 316:	b9 f7       	brne	.-18     	; 0x306 <__utoa_common+0x6>
 318:	a0 5d       	subi	r26, 0xD0	; 208
 31a:	aa 33       	cpi	r26, 0x3A	; 58
 31c:	08 f0       	brcs	.+2      	; 0x320 <__utoa_common+0x20>
 31e:	a9 5d       	subi	r26, 0xD9	; 217
 320:	a1 93       	st	Z+, r26
 322:	00 97       	sbiw	r24, 0x00	; 0
 324:	79 f7       	brne	.-34     	; 0x304 <__utoa_common+0x4>
 326:	b1 11       	cpse	r27, r1
 328:	b1 93       	st	Z+, r27
 32a:	11 92       	st	Z+, r1
 32c:	cb 01       	movw	r24, r22
 32e:	0c 94 99 01 	jmp	0x332	; 0x332 <strrev>

00000332 <strrev>:
 332:	dc 01       	movw	r26, r24
 334:	fc 01       	movw	r30, r24
 336:	67 2f       	mov	r22, r23
 338:	71 91       	ld	r23, Z+
 33a:	77 23       	and	r23, r23
 33c:	e1 f7       	brne	.-8      	; 0x336 <strrev+0x4>
 33e:	32 97       	sbiw	r30, 0x02	; 2
 340:	04 c0       	rjmp	.+8      	; 0x34a <strrev+0x18>
 342:	7c 91       	ld	r23, X
 344:	6d 93       	st	X+, r22
 346:	70 83       	st	Z, r23
 348:	62 91       	ld	r22, -Z
 34a:	ae 17       	cp	r26, r30
 34c:	bf 07       	cpc	r27, r31
 34e:	c8 f3       	brcs	.-14     	; 0x342 <strrev+0x10>
 350:	08 95       	ret

00000352 <_exit>:
 352:	f8 94       	cli

00000354 <__stop_program>:
 354:	ff cf       	rjmp	.-2      	; 0x354 <__stop_program>
